<?xml version="1.0" encoding="UTF-8"?>
<!-- Generated by org.testng.reporters.JUnitReportReporter -->
<testsuite hostname="192-168-1-102.tpgi.com.au" failures="0" tests="1" name="Divipay.Test.AppTest" time="0.006" errors="0" timestamp="2022-07-07T13:15:31 AEST" skipped="0">
  <testcase classname="Divipay.Test.AppTest" name="shouldAnswerWithTrue" time="0.006"/>
  <system-out/>
</testsuite> <!-- Divipay.Test.AppTest -->
